<?xml version="1.0" encoding="UTF-8"?>
<!-- Generated by org.testng.reporters.JUnitXMLReporter -->
<testsuite ignored="0" hostname="LAUP" failures="0" tests="32" name="Default test" time="19.994" errors="0" timestamp="2023-02-04T17:26:34 SGT">
  <testcase classname="com.dvops.maven.eclipse.KeyboardJSPTest" name="testCard" time="1.03"/>
  <testcase classname="com.dvops.maven.eclipse.KeyboardJSPTest" name="testContainer" time="0.087"/>
  <testcase classname="com.dvops.maven.eclipse.KeyboardJSPTest" name="testNavBar" time="0.08"/>
  <testcase classname="com.dvops.maven.eclipse.KeyboardJSPTest" name="testRow" time="0.072"/>
  <testcase classname="com.dvops.maven.eclipse.KeyboardCollectionTest" name="keyboardAddEqualTest" time="0.002"/>
  <testcase classname="com.dvops.maven.eclipse.KeyboardCollectionTest" name="testAddKeyboard" time="0.0"/>
  <testcase classname="com.dvops.maven.eclipse.KeyboardCollectionTest" name="testEquals_False" time="0.001"/>
  <testcase classname="com.dvops.maven.eclipse.KeyboardCollectionTest" name="testEquals_NotKeyboard" time="0.001"/>
  <testcase classname="com.dvops.maven.eclipse.KeyboardCollectionTest" name="testEquals_True" time="0.001"/>
  <testcase classname="com.dvops.maven.eclipse.KeyboardCollectionTest" name="testFindKeyboardByName_Fail" time="0.001"/>
  <testcase classname="com.dvops.maven.eclipse.KeyboardCollectionTest" name="testFindKeyboardbyId" time="0.001"/>
  <testcase classname="com.dvops.maven.eclipse.KeyboardCollectionTest" name="testFindKeyboardbyId_Fail" time="0.001"/>
  <testcase classname="com.dvops.maven.eclipse.KeyboardCollectionTest" name="testFindKeyboardbyName" time="0.0"/>
  <testcase classname="com.dvops.maven.eclipse.KeyboardCollectionTest" name="testGetKeyboard" time="0.001"/>
  <testcase classname="com.dvops.maven.eclipse.KeyboardCollectionTest" name="testHash_False" time="0.001"/>
  <testcase classname="com.dvops.maven.eclipse.KeyboardCollectionTest" name="testHash_True" time="0.001"/>
  <testcase classname="com.dvops.maven.eclipse.KeyboardCollectionTest" name="testSetBacklight" time="0.0"/>
  <testcase classname="com.dvops.maven.eclipse.KeyboardCollectionTest" name="testSetId" time="0.0"/>
  <testcase classname="com.dvops.maven.eclipse.KeyboardCollectionTest" name="testSetImage" time="0.001"/>
  <testcase classname="com.dvops.maven.eclipse.KeyboardCollectionTest" name="testSetKeycaps" time="0.001"/>
  <testcase classname="com.dvops.maven.eclipse.KeyboardCollectionTest" name="testSetName" time="0.001"/>
  <testcase classname="com.dvops.maven.eclipse.KeyboardCollectionTest" name="testSetPassthrough" time="0.001"/>
  <testcase classname="com.dvops.maven.eclipse.KeyboardCollectionTest" name="testSetPrice" time="0.001"/>
  <testcase classname="com.dvops.maven.eclipse.KeyboardCollectionTest" name="testSetRating" time="0.0"/>
  <testcase classname="com.dvops.maven.eclipse.KeyboardCollectionTest" name="testSetSwitch" time="0.001"/>
  <testcase classname="com.dvops.maven.eclipse.KeyboardCollectionTest" name="testSortKeyboardsByName" time="0.0"/>
  <testcase classname="com.dvops.maven.eclipse.KeyboardCollectionTest" name="testSortKeyboardsByPrice" time="0.001"/>
  <testcase classname="com.dvops.maven.eclipse.KeyboardServletTest" name="SQLExceptionList" time="0.004"/>
  <testcase classname="com.dvops.maven.eclipse.KeyboardServletTest" name="connectionErrors" time="0.001"/>
  <testcase classname="com.dvops.maven.eclipse.KeyboardServletTest" name="testDoGetHttpServletRequestHttpServletResponse" time="0.642"/>
  <testcase classname="com.dvops.maven.eclipse.KeyboardServletTest" name="testGetConnection" time="0.393"/>
  <testcase classname="com.dvops.maven.eclipse.KeyboardServletTest" name="testListKeyboard" time="0.087"/>
</testsuite> <!-- Default test -->
