<?xml version="1.0" encoding="UTF-8"?>
<!-- Generated by org.testng.reporters.JUnitXMLReporter -->
<testsuite ignored="0" hostname="LAUP" failures="0" tests="4" name="Default test" time="18.532" errors="0" timestamp="2023-02-03T16:12:08 SGT">
  <testcase classname="com.dvops.maven.eclipse.KeyboardJSPTest" name="testCard" time="1.08"/>
  <testcase classname="com.dvops.maven.eclipse.KeyboardJSPTest" name="testContainer" time="0.076"/>
  <testcase classname="com.dvops.maven.eclipse.KeyboardJSPTest" name="testNavBar" time="0.072"/>
  <testcase classname="com.dvops.maven.eclipse.KeyboardJSPTest" name="testRow" time="0.073"/>
</testsuite> <!-- Default test -->
