<?xml version="1.0" encoding="UTF-8"?>
<!-- Generated by org.testng.reporters.JUnitXMLReporter -->
<testsuite ignored="0" hostname="LAUP" failures="0" tests="4" name="Test" time="19.03" errors="0" timestamp="2023-02-03T16:21:19 SGT">
  <testcase classname="com.dvops.maven.eclipse.KeyboardJSPTest" name="testCard" time="1.563"/>
  <testcase classname="com.dvops.maven.eclipse.KeyboardJSPTest" name="testContainer" time="0.073"/>
  <testcase classname="com.dvops.maven.eclipse.KeyboardJSPTest" name="testNavBar" time="0.069"/>
  <testcase classname="com.dvops.maven.eclipse.KeyboardJSPTest" name="testRow" time="0.059"/>
</testsuite> <!-- Test -->
