<?xml version="1.0" encoding="UTF-8"?>
<testng-results ignored="0" total="3" passed="3" failed="0" skipped="0">
  <reporter-output>
  </reporter-output>
  <suite started-at="2023-02-05T19:49:57 SGT" name="Default suite" finished-at="2023-02-05T19:49:57 SGT" duration-ms="880">
    <groups>
    </groups>
    <test started-at="2023-02-05T19:49:57 SGT" name="Default test" finished-at="2023-02-05T19:49:57 SGT" duration-ms="880">
      <class name="com.dvops.maven.eclipse.KeyboardServletTest">
        <test-method is-config="true" signature="setUp()[pri:0, instance:com.dvops.maven.eclipse.KeyboardServletTest@1807e3f6]" started-at="2023-02-05T19:49:57 SGT" name="setUp" finished-at="2023-02-05T19:49:57 SGT" duration-ms="16" status="PASS">
          <reporter-output>
          </reporter-output>
        </test-method> <!-- setUp -->
        <test-method signature="testDoGetHttpServletRequestHttpServletResponse()[pri:0, instance:com.dvops.maven.eclipse.KeyboardServletTest@1807e3f6]" started-at="2023-02-05T19:49:57 SGT" name="testDoGetHttpServletRequestHttpServletResponse" finished-at="2023-02-05T19:49:57 SGT" duration-ms="418" status="PASS">
          <reporter-output>
          </reporter-output>
        </test-method> <!-- testDoGetHttpServletRequestHttpServletResponse -->
        <test-method is-config="true" signature="tearDown()[pri:0, instance:com.dvops.maven.eclipse.KeyboardServletTest@1807e3f6]" started-at="2023-02-05T19:49:57 SGT" name="tearDown" finished-at="2023-02-05T19:49:57 SGT" duration-ms="0" status="PASS">
          <reporter-output>
          </reporter-output>
        </test-method> <!-- tearDown -->
        <test-method signature="testGetConnection()[pri:0, instance:com.dvops.maven.eclipse.KeyboardServletTest@1807e3f6]" started-at="2023-02-05T19:49:57 SGT" name="testGetConnection" finished-at="2023-02-05T19:49:57 SGT" duration-ms="331" status="PASS">
          <reporter-output>
          </reporter-output>
        </test-method> <!-- testGetConnection -->
        <test-method is-config="true" signature="setUp()[pri:0, instance:com.dvops.maven.eclipse.KeyboardServletTest@1807e3f6]" started-at="2023-02-05T19:49:57 SGT" name="setUp" finished-at="2023-02-05T19:49:57 SGT" duration-ms="0" status="PASS">
          <reporter-output>
          </reporter-output>
        </test-method> <!-- setUp -->
        <test-method is-config="true" signature="tearDown()[pri:0, instance:com.dvops.maven.eclipse.KeyboardServletTest@1807e3f6]" started-at="2023-02-05T19:49:57 SGT" name="tearDown" finished-at="2023-02-05T19:49:57 SGT" duration-ms="1" status="PASS">
          <reporter-output>
          </reporter-output>
        </test-method> <!-- tearDown -->
        <test-method is-config="true" signature="setUp()[pri:0, instance:com.dvops.maven.eclipse.KeyboardServletTest@1807e3f6]" started-at="2023-02-05T19:49:57 SGT" name="setUp" finished-at="2023-02-05T19:49:57 SGT" duration-ms="1" status="PASS">
          <reporter-output>
          </reporter-output>
        </test-method> <!-- setUp -->
        <test-method signature="testListKeyboard()[pri:0, instance:com.dvops.maven.eclipse.KeyboardServletTest@1807e3f6]" started-at="2023-02-05T19:49:57 SGT" name="testListKeyboard" finished-at="2023-02-05T19:49:57 SGT" duration-ms="76" status="PASS">
          <reporter-output>
          </reporter-output>
        </test-method> <!-- testListKeyboard -->
        <test-method is-config="true" signature="tearDown()[pri:0, instance:com.dvops.maven.eclipse.KeyboardServletTest@1807e3f6]" started-at="2023-02-05T19:49:57 SGT" name="tearDown" finished-at="2023-02-05T19:49:57 SGT" duration-ms="0" status="PASS">
          <reporter-output>
          </reporter-output>
        </test-method> <!-- tearDown -->
      </class> <!-- com.dvops.maven.eclipse.KeyboardServletTest -->
    </test> <!-- Default test -->
  </suite> <!-- Default suite -->
</testng-results>
