<?xml version="1.0" encoding="UTF-8"?>
<testng-results ignored="0" total="5" passed="5" failed="0" skipped="0">
  <reporter-output>
  </reporter-output>
  <suite started-at="2023-02-04T04:33:53 SGT" name="Default suite" finished-at="2023-02-04T04:33:54 SGT" duration-ms="1472">
    <groups>
    </groups>
    <test started-at="2023-02-04T04:33:53 SGT" name="Default test" finished-at="2023-02-04T04:33:54 SGT" duration-ms="1472">
      <class name="com.dvops.maven.eclipse.KeyboardServletTest">
        <test-method is-config="true" signature="setUp()[pri:0, instance:com.dvops.maven.eclipse.KeyboardServletTest@4078695f]" started-at="2023-02-04T04:33:53 SGT" name="setUp" finished-at="2023-02-04T04:33:53 SGT" duration-ms="18" status="PASS">
          <reporter-output>
          </reporter-output>
        </test-method> <!-- setUp -->
        <test-method signature="SQLExceptionList()[pri:0, instance:com.dvops.maven.eclipse.KeyboardServletTest@4078695f]" started-at="2023-02-04T04:33:53 SGT" name="SQLExceptionList" finished-at="2023-02-04T04:33:53 SGT" duration-ms="13" status="PASS">
          <reporter-output>
          </reporter-output>
        </test-method> <!-- SQLExceptionList -->
        <test-method is-config="true" signature="tearDown()[pri:0, instance:com.dvops.maven.eclipse.KeyboardServletTest@4078695f]" started-at="2023-02-04T04:33:53 SGT" name="tearDown" finished-at="2023-02-04T04:33:53 SGT" duration-ms="1" status="PASS">
          <reporter-output>
          </reporter-output>
        </test-method> <!-- tearDown -->
        <test-method is-config="true" signature="setUp()[pri:0, instance:com.dvops.maven.eclipse.KeyboardServletTest@4078695f]" started-at="2023-02-04T04:33:53 SGT" name="setUp" finished-at="2023-02-04T04:33:53 SGT" duration-ms="1" status="PASS">
          <reporter-output>
          </reporter-output>
        </test-method> <!-- setUp -->
        <test-method signature="connectionErrors()[pri:0, instance:com.dvops.maven.eclipse.KeyboardServletTest@4078695f]" started-at="2023-02-04T04:33:53 SGT" name="connectionErrors" finished-at="2023-02-04T04:33:53 SGT" duration-ms="1" status="PASS">
          <reporter-output>
          </reporter-output>
        </test-method> <!-- connectionErrors -->
        <test-method is-config="true" signature="tearDown()[pri:0, instance:com.dvops.maven.eclipse.KeyboardServletTest@4078695f]" started-at="2023-02-04T04:33:53 SGT" name="tearDown" finished-at="2023-02-04T04:33:53 SGT" duration-ms="0" status="PASS">
          <reporter-output>
          </reporter-output>
        </test-method> <!-- tearDown -->
        <test-method signature="testDoGetHttpServletRequestHttpServletResponse()[pri:0, instance:com.dvops.maven.eclipse.KeyboardServletTest@4078695f]" started-at="2023-02-04T04:33:53 SGT" name="testDoGetHttpServletRequestHttpServletResponse" finished-at="2023-02-04T04:33:54 SGT" duration-ms="787" status="PASS">
          <reporter-output>
          </reporter-output>
        </test-method> <!-- testDoGetHttpServletRequestHttpServletResponse -->
        <test-method is-config="true" signature="setUp()[pri:0, instance:com.dvops.maven.eclipse.KeyboardServletTest@4078695f]" started-at="2023-02-04T04:33:53 SGT" name="setUp" finished-at="2023-02-04T04:33:53 SGT" duration-ms="0" status="PASS">
          <reporter-output>
          </reporter-output>
        </test-method> <!-- setUp -->
        <test-method is-config="true" signature="tearDown()[pri:0, instance:com.dvops.maven.eclipse.KeyboardServletTest@4078695f]" started-at="2023-02-04T04:33:54 SGT" name="tearDown" finished-at="2023-02-04T04:33:54 SGT" duration-ms="1" status="PASS">
          <reporter-output>
          </reporter-output>
        </test-method> <!-- tearDown -->
        <test-method signature="testGetConnection()[pri:0, instance:com.dvops.maven.eclipse.KeyboardServletTest@4078695f]" started-at="2023-02-04T04:33:54 SGT" name="testGetConnection" finished-at="2023-02-04T04:33:54 SGT" duration-ms="476" status="PASS">
          <reporter-output>
          </reporter-output>
        </test-method> <!-- testGetConnection -->
        <test-method is-config="true" signature="setUp()[pri:0, instance:com.dvops.maven.eclipse.KeyboardServletTest@4078695f]" started-at="2023-02-04T04:33:54 SGT" name="setUp" finished-at="2023-02-04T04:33:54 SGT" duration-ms="0" status="PASS">
          <reporter-output>
          </reporter-output>
        </test-method> <!-- setUp -->
        <test-method is-config="true" signature="tearDown()[pri:0, instance:com.dvops.maven.eclipse.KeyboardServletTest@4078695f]" started-at="2023-02-04T04:33:54 SGT" name="tearDown" finished-at="2023-02-04T04:33:54 SGT" duration-ms="0" status="PASS">
          <reporter-output>
          </reporter-output>
        </test-method> <!-- tearDown -->
        <test-method signature="testListKeyboard()[pri:0, instance:com.dvops.maven.eclipse.KeyboardServletTest@4078695f]" started-at="2023-02-04T04:33:54 SGT" name="testListKeyboard" finished-at="2023-02-04T04:33:54 SGT" duration-ms="93" status="PASS">
          <reporter-output>
          </reporter-output>
        </test-method> <!-- testListKeyboard -->
        <test-method is-config="true" signature="setUp()[pri:0, instance:com.dvops.maven.eclipse.KeyboardServletTest@4078695f]" started-at="2023-02-04T04:33:54 SGT" name="setUp" finished-at="2023-02-04T04:33:54 SGT" duration-ms="0" status="PASS">
          <reporter-output>
          </reporter-output>
        </test-method> <!-- setUp -->
        <test-method is-config="true" signature="tearDown()[pri:0, instance:com.dvops.maven.eclipse.KeyboardServletTest@4078695f]" started-at="2023-02-04T04:33:54 SGT" name="tearDown" finished-at="2023-02-04T04:33:54 SGT" duration-ms="0" status="PASS">
          <reporter-output>
          </reporter-output>
        </test-method> <!-- tearDown -->
      </class> <!-- com.dvops.maven.eclipse.KeyboardServletTest -->
    </test> <!-- Default test -->
  </suite> <!-- Default suite -->
</testng-results>
